Start testing: Nov 14 13:14 EST
----------------------------------------------------------
1/6 Testing: copyright
1/6 Test: copyright
Command: "/usr/bin/python3.8" "-u" "/home/sln/ros2_humble/install/ament_cmake_test/share/ament_cmake_test/cmake/run_test.py" "/home/sln/beginner_tutorials/build/examples_rclcpp_wait_set/test_results/examples_rclcpp_wait_set/copyright.xunit.xml" "--package-name" "examples_rclcpp_wait_set" "--output-file" "/home/sln/beginner_tutorials/build/examples_rclcpp_wait_set/ament_copyright/copyright.txt" "--command" "/home/sln/ros2_humble/install/ament_copyright/bin/ament_copyright" "--xunit-file" "/home/sln/beginner_tutorials/build/examples_rclcpp_wait_set/test_results/examples_rclcpp_wait_set/copyright.xunit.xml"
Directory: /home/sln/beginner_tutorials/src/examples/rclcpp/wait_set
"copyright" start time: Nov 14 13:14 EST
Output:
----------------------------------------------------------
-- run_test.py: invoking following command in '/home/sln/beginner_tutorials/src/examples/rclcpp/wait_set':
 - /home/sln/ros2_humble/install/ament_copyright/bin/ament_copyright --xunit-file /home/sln/beginner_tutorials/build/examples_rclcpp_wait_set/test_results/examples_rclcpp_wait_set/copyright.xunit.xml
No problems found, checked 15 files
-- run_test.py: return code 0
-- run_test.py: verify result file '/home/sln/beginner_tutorials/build/examples_rclcpp_wait_set/test_results/examples_rclcpp_wait_set/copyright.xunit.xml'
<end of output>
Test time =   4.51 sec
----------------------------------------------------------
Test Passed.
"copyright" end time: Nov 14 13:14 EST
"copyright" time elapsed: 00:00:04
----------------------------------------------------------

2/6 Testing: cppcheck
2/6 Test: cppcheck
Command: "/usr/bin/python3.8" "-u" "/home/sln/ros2_humble/install/ament_cmake_test/share/ament_cmake_test/cmake/run_test.py" "/home/sln/beginner_tutorials/build/examples_rclcpp_wait_set/test_results/examples_rclcpp_wait_set/cppcheck.xunit.xml" "--package-name" "examples_rclcpp_wait_set" "--output-file" "/home/sln/beginner_tutorials/build/examples_rclcpp_wait_set/ament_cppcheck/cppcheck.txt" "--command" "/home/sln/ros2_humble/install/ament_cppcheck/bin/ament_cppcheck" "--xunit-file" "/home/sln/beginner_tutorials/build/examples_rclcpp_wait_set/test_results/examples_rclcpp_wait_set/cppcheck.xunit.xml" "--include_dirs" "/home/sln/beginner_tutorials/src/examples/rclcpp/wait_set/include"
Directory: /home/sln/beginner_tutorials/src/examples/rclcpp/wait_set
"cppcheck" start time: Nov 14 13:14 EST
Output:
----------------------------------------------------------
-- run_test.py: invoking following command in '/home/sln/beginner_tutorials/src/examples/rclcpp/wait_set':
 - /home/sln/ros2_humble/install/ament_cppcheck/bin/ament_cppcheck --xunit-file /home/sln/beginner_tutorials/build/examples_rclcpp_wait_set/test_results/examples_rclcpp_wait_set/cppcheck.xunit.xml --include_dirs /home/sln/beginner_tutorials/src/examples/rclcpp/wait_set/include
No problems found
-- run_test.py: return code 0
-- run_test.py: verify result file '/home/sln/beginner_tutorials/build/examples_rclcpp_wait_set/test_results/examples_rclcpp_wait_set/cppcheck.xunit.xml'
<end of output>
Test time =   2.60 sec
----------------------------------------------------------
Test Passed.
"cppcheck" end time: Nov 14 13:14 EST
"cppcheck" time elapsed: 00:00:02
----------------------------------------------------------

3/6 Testing: cpplint
3/6 Test: cpplint
Command: "/usr/bin/python3.8" "-u" "/home/sln/ros2_humble/install/ament_cmake_test/share/ament_cmake_test/cmake/run_test.py" "/home/sln/beginner_tutorials/build/examples_rclcpp_wait_set/test_results/examples_rclcpp_wait_set/cpplint.xunit.xml" "--package-name" "examples_rclcpp_wait_set" "--output-file" "/home/sln/beginner_tutorials/build/examples_rclcpp_wait_set/ament_cpplint/cpplint.txt" "--command" "/home/sln/ros2_humble/install/ament_cpplint/bin/ament_cpplint" "--xunit-file" "/home/sln/beginner_tutorials/build/examples_rclcpp_wait_set/test_results/examples_rclcpp_wait_set/cpplint.xunit.xml"
Directory: /home/sln/beginner_tutorials/src/examples/rclcpp/wait_set
"cpplint" start time: Nov 14 13:14 EST
Output:
----------------------------------------------------------
-- run_test.py: invoking following command in '/home/sln/beginner_tutorials/src/examples/rclcpp/wait_set':
 - /home/sln/ros2_humble/install/ament_cpplint/bin/ament_cpplint --xunit-file /home/sln/beginner_tutorials/build/examples_rclcpp_wait_set/test_results/examples_rclcpp_wait_set/cpplint.xunit.xml
Using '--root=/home/sln/beginner_tutorials/src/examples/rclcpp/wait_set/include' argument

Done processing /home/sln/beginner_tutorials/src/examples/rclcpp/wait_set/include/wait_set/listener.hpp

Done processing /home/sln/beginner_tutorials/src/examples/rclcpp/wait_set/include/wait_set/random_listener.hpp

Done processing /home/sln/beginner_tutorials/src/examples/rclcpp/wait_set/include/wait_set/random_talker.hpp

Done processing /home/sln/beginner_tutorials/src/examples/rclcpp/wait_set/include/wait_set/talker.hpp

Done processing /home/sln/beginner_tutorials/src/examples/rclcpp/wait_set/include/wait_set/visibility.h

Using '--root=/home/sln/beginner_tutorials/src/examples/rclcpp/wait_set/src' argument

Done processing /home/sln/beginner_tutorials/src/examples/rclcpp/wait_set/src/executor_random_order.cpp

Done processing /home/sln/beginner_tutorials/src/examples/rclcpp/wait_set/src/listener.cpp

Done processing /home/sln/beginner_tutorials/src/examples/rclcpp/wait_set/src/static_wait_set.cpp

Done processing /home/sln/beginner_tutorials/src/examples/rclcpp/wait_set/src/talker.cpp

Done processing /home/sln/beginner_tutorials/src/examples/rclcpp/wait_set/src/thread_safe_wait_set.cpp

Done processing /home/sln/beginner_tutorials/src/examples/rclcpp/wait_set/src/wait_set.cpp

Done processing /home/sln/beginner_tutorials/src/examples/rclcpp/wait_set/src/wait_set_composed.cpp

Done processing /home/sln/beginner_tutorials/src/examples/rclcpp/wait_set/src/wait_set_random_order.cpp

Done processing /home/sln/beginner_tutorials/src/examples/rclcpp/wait_set/src/wait_set_topics_and_timer.cpp

Done processing /home/sln/beginner_tutorials/src/examples/rclcpp/wait_set/src/wait_set_topics_with_different_rates.cpp

No problems found
-- run_test.py: return code 0
-- run_test.py: verify result file '/home/sln/beginner_tutorials/build/examples_rclcpp_wait_set/test_results/examples_rclcpp_wait_set/cpplint.xunit.xml'
<end of output>
Test time =   2.95 sec
----------------------------------------------------------
Test Passed.
"cpplint" end time: Nov 14 13:14 EST
"cpplint" time elapsed: 00:00:02
----------------------------------------------------------

4/6 Testing: lint_cmake
4/6 Test: lint_cmake
Command: "/usr/bin/python3.8" "-u" "/home/sln/ros2_humble/install/ament_cmake_test/share/ament_cmake_test/cmake/run_test.py" "/home/sln/beginner_tutorials/build/examples_rclcpp_wait_set/test_results/examples_rclcpp_wait_set/lint_cmake.xunit.xml" "--package-name" "examples_rclcpp_wait_set" "--output-file" "/home/sln/beginner_tutorials/build/examples_rclcpp_wait_set/ament_lint_cmake/lint_cmake.txt" "--command" "/home/sln/ros2_humble/install/ament_lint_cmake/bin/ament_lint_cmake" "--xunit-file" "/home/sln/beginner_tutorials/build/examples_rclcpp_wait_set/test_results/examples_rclcpp_wait_set/lint_cmake.xunit.xml"
Directory: /home/sln/beginner_tutorials/src/examples/rclcpp/wait_set
"lint_cmake" start time: Nov 14 13:14 EST
Output:
----------------------------------------------------------
-- run_test.py: invoking following command in '/home/sln/beginner_tutorials/src/examples/rclcpp/wait_set':
 - /home/sln/ros2_humble/install/ament_lint_cmake/bin/ament_lint_cmake --xunit-file /home/sln/beginner_tutorials/build/examples_rclcpp_wait_set/test_results/examples_rclcpp_wait_set/lint_cmake.xunit.xml

No problems found
-- run_test.py: return code 0
-- run_test.py: verify result file '/home/sln/beginner_tutorials/build/examples_rclcpp_wait_set/test_results/examples_rclcpp_wait_set/lint_cmake.xunit.xml'
<end of output>
Test time =   2.62 sec
----------------------------------------------------------
Test Passed.
"lint_cmake" end time: Nov 14 13:14 EST
"lint_cmake" time elapsed: 00:00:02
----------------------------------------------------------

5/6 Testing: uncrustify
5/6 Test: uncrustify
Command: "/usr/bin/python3.8" "-u" "/home/sln/ros2_humble/install/ament_cmake_test/share/ament_cmake_test/cmake/run_test.py" "/home/sln/beginner_tutorials/build/examples_rclcpp_wait_set/test_results/examples_rclcpp_wait_set/uncrustify.xunit.xml" "--package-name" "examples_rclcpp_wait_set" "--output-file" "/home/sln/beginner_tutorials/build/examples_rclcpp_wait_set/ament_uncrustify/uncrustify.txt" "--command" "/home/sln/ros2_humble/install/ament_uncrustify/bin/ament_uncrustify" "--xunit-file" "/home/sln/beginner_tutorials/build/examples_rclcpp_wait_set/test_results/examples_rclcpp_wait_set/uncrustify.xunit.xml"
Directory: /home/sln/beginner_tutorials/src/examples/rclcpp/wait_set
"uncrustify" start time: Nov 14 13:14 EST
Output:
----------------------------------------------------------
-- run_test.py: invoking following command in '/home/sln/beginner_tutorials/src/examples/rclcpp/wait_set':
 - /home/sln/ros2_humble/install/ament_uncrustify/bin/ament_uncrustify --xunit-file /home/sln/beginner_tutorials/build/examples_rclcpp_wait_set/test_results/examples_rclcpp_wait_set/uncrustify.xunit.xml
No code style divergence in file 'include/wait_set/listener.hpp'

No code style divergence in file 'include/wait_set/random_listener.hpp'

No code style divergence in file 'include/wait_set/random_talker.hpp'

No code style divergence in file 'include/wait_set/talker.hpp'

No code style divergence in file 'include/wait_set/visibility.h'

No code style divergence in file 'src/executor_random_order.cpp'

No code style divergence in file 'src/listener.cpp'

No code style divergence in file 'src/static_wait_set.cpp'

No code style divergence in file 'src/talker.cpp'

No code style divergence in file 'src/thread_safe_wait_set.cpp'

No code style divergence in file 'src/wait_set.cpp'

No code style divergence in file 'src/wait_set_composed.cpp'

No code style divergence in file 'src/wait_set_random_order.cpp'

No code style divergence in file 'src/wait_set_topics_and_timer.cpp'

No code style divergence in file 'src/wait_set_topics_with_different_rates.cpp'

No problems found
-- run_test.py: return code 0
-- run_test.py: verify result file '/home/sln/beginner_tutorials/build/examples_rclcpp_wait_set/test_results/examples_rclcpp_wait_set/uncrustify.xunit.xml'
<end of output>
Test time =   2.65 sec
----------------------------------------------------------
Test Passed.
"uncrustify" end time: Nov 14 13:14 EST
"uncrustify" time elapsed: 00:00:02
----------------------------------------------------------

6/6 Testing: xmllint
6/6 Test: xmllint
Command: "/usr/bin/python3.8" "-u" "/home/sln/ros2_humble/install/ament_cmake_test/share/ament_cmake_test/cmake/run_test.py" "/home/sln/beginner_tutorials/build/examples_rclcpp_wait_set/test_results/examples_rclcpp_wait_set/xmllint.xunit.xml" "--package-name" "examples_rclcpp_wait_set" "--output-file" "/home/sln/beginner_tutorials/build/examples_rclcpp_wait_set/ament_xmllint/xmllint.txt" "--command" "/home/sln/ros2_humble/install/ament_xmllint/bin/ament_xmllint" "--xunit-file" "/home/sln/beginner_tutorials/build/examples_rclcpp_wait_set/test_results/examples_rclcpp_wait_set/xmllint.xunit.xml"
Directory: /home/sln/beginner_tutorials/src/examples/rclcpp/wait_set
"xmllint" start time: Nov 14 13:14 EST
Output:
----------------------------------------------------------
-- run_test.py: invoking following command in '/home/sln/beginner_tutorials/src/examples/rclcpp/wait_set':
 - /home/sln/ros2_humble/install/ament_xmllint/bin/ament_xmllint --xunit-file /home/sln/beginner_tutorials/build/examples_rclcpp_wait_set/test_results/examples_rclcpp_wait_set/xmllint.xunit.xml
File 'package.xml' is valid

No problems found
-- run_test.py: return code 0
-- run_test.py: verify result file '/home/sln/beginner_tutorials/build/examples_rclcpp_wait_set/test_results/examples_rclcpp_wait_set/xmllint.xunit.xml'
<end of output>
Test time =   1.72 sec
----------------------------------------------------------
Test Passed.
"xmllint" end time: Nov 14 13:14 EST
"xmllint" time elapsed: 00:00:01
----------------------------------------------------------

End testing: Nov 14 13:14 EST

copyright =   4.51 sec*proc

cppcheck =   2.60 sec*proc

cpplint =   2.95 sec*proc

lint_cmake =   2.62 sec*proc

linter =  17.05 sec*proc

uncrustify =   2.65 sec*proc

xmllint =   1.72 sec*proc

