<?xml version="1.0" encoding="utf-8"?><testsuites><testsuite errors="0" failures="0" hostname="sln-Lenovo-Y520-15IKBN" name="pytest" skipped="0" tests="3" time="1.199" timestamp="2022-11-15T00:37:24.883851"><testcase classname="examples_rclpy_minimal_subscriber.topics.minimal_subscriber.test.test_copyright" name="test_copyright" time="0.736"><system-out>No problems found, checked 7 files
</system-out></testcase><testcase classname="examples_rclpy_minimal_subscriber.topics.minimal_subscriber.test.test_flake8" name="test_flake8" time="0.237"><system-out>
8 files checked
No problems found

Checked files:

* ./setup.py
* ./test/test_pep257.py
* ./test/test_flake8.py
* ./test/test_copyright.py
* ./examples_rclpy_minimal_subscriber/subscriber_lambda.py
* ./examples_rclpy_minimal_subscriber/subscriber_old_school.py
* ./examples_rclpy_minimal_subscriber/subscriber_member_function.py
* ./examples_rclpy_minimal_subscriber/__init__.py
</system-out><system-err>Plugin requested optional parameter &quot;builtins&quot; but this is not an available parameter.
Plugin requested optional parameter &quot;builtins&quot; but this is not an available parameter.
Plugin requested optional parameter &quot;builtins&quot; but this is not an available parameter.
Plugin requested optional parameter &quot;builtins&quot; but this is not an available parameter.
Plugin requested optional parameter &quot;builtins&quot; but this is not an available parameter.
Plugin requested optional parameter &quot;builtins&quot; but this is not an available parameter.
Plugin requested optional parameter &quot;builtins&quot; but this is not an available parameter.
Plugin requested optional parameter &quot;builtins&quot; but this is not an available parameter.
</system-err></testcase><testcase classname="examples_rclpy_minimal_subscriber.topics.minimal_subscriber.test.test_pep257" name="test_pep257" time="0.025"><system-out>checking ./examples_rclpy_minimal_subscriber/__init__.py
checking ./examples_rclpy_minimal_subscriber/subscriber_lambda.py
checking ./examples_rclpy_minimal_subscriber/subscriber_member_function.py
checking ./examples_rclpy_minimal_subscriber/subscriber_old_school.py
checking ./setup.py
checking ./test/test_copyright.py
checking ./test/test_flake8.py
checking ./test/test_pep257.py
No problems found
</system-out></testcase></testsuite></testsuites>