<?xml version="1.0" encoding="utf-8"?><testsuites><testsuite errors="0" failures="0" hostname="sln-Lenovo-Y520-15IKBN" name="pytest" skipped="0" tests="3" time="1.020" timestamp="2022-11-15T00:37:25.714526"><testcase classname="examples_rclpy_pointcloud_publisher.topics.pointcloud_publisher.test.test_copyright" name="test_copyright" time="0.595"><system-out>No problems found, checked 5 files
</system-out></testcase><testcase classname="examples_rclpy_pointcloud_publisher.topics.pointcloud_publisher.test.test_flake8" name="test_flake8" time="0.235"><system-out>
6 files checked
No problems found

Checked files:

* ./setup.py
* ./examples_rclpy_pointcloud_publisher/pointcloud_publisher.py
* ./examples_rclpy_pointcloud_publisher/__init__.py
* ./test/test_pep257.py
* ./test/test_flake8.py
* ./test/test_copyright.py
</system-out><system-err>Plugin requested optional parameter &quot;builtins&quot; but this is not an available parameter.
Plugin requested optional parameter &quot;builtins&quot; but this is not an available parameter.
Plugin requested optional parameter &quot;builtins&quot; but this is not an available parameter.
Plugin requested optional parameter &quot;builtins&quot; but this is not an available parameter.
Plugin requested optional parameter &quot;builtins&quot; but this is not an available parameter.
Plugin requested optional parameter &quot;builtins&quot; but this is not an available parameter.
</system-err></testcase><testcase classname="examples_rclpy_pointcloud_publisher.topics.pointcloud_publisher.test.test_pep257" name="test_pep257" time="0.033"><system-out>checking ./examples_rclpy_pointcloud_publisher/__init__.py
checking ./examples_rclpy_pointcloud_publisher/pointcloud_publisher.py
checking ./setup.py
checking ./test/test_copyright.py
checking ./test/test_flake8.py
checking ./test/test_pep257.py
checking test/test_copyright.py
checking test/test_flake8.py
checking test/test_pep257.py
No problems found
</system-out></testcase></testsuite></testsuites>