Start testing: Nov 15 00:36 EST
----------------------------------------------------------
1/6 Testing: copyright
1/6 Test: copyright
Command: "/usr/bin/python3.8" "-u" "/home/sln/ros2_humble/install/ament_cmake_test/share/ament_cmake_test/cmake/run_test.py" "/home/sln/beginner_tutorials/build/examples_rclcpp_minimal_publisher/test_results/examples_rclcpp_minimal_publisher/copyright.xunit.xml" "--package-name" "examples_rclcpp_minimal_publisher" "--output-file" "/home/sln/beginner_tutorials/build/examples_rclcpp_minimal_publisher/ament_copyright/copyright.txt" "--command" "/home/sln/ros2_humble/install/ament_copyright/bin/ament_copyright" "--xunit-file" "/home/sln/beginner_tutorials/build/examples_rclcpp_minimal_publisher/test_results/examples_rclcpp_minimal_publisher/copyright.xunit.xml"
Directory: /home/sln/beginner_tutorials/src/examples/rclcpp/topics/minimal_publisher
"copyright" start time: Nov 15 00:36 EST
Output:
----------------------------------------------------------
-- run_test.py: invoking following command in '/home/sln/beginner_tutorials/src/examples/rclcpp/topics/minimal_publisher':
 - /home/sln/ros2_humble/install/ament_copyright/bin/ament_copyright --xunit-file /home/sln/beginner_tutorials/build/examples_rclcpp_minimal_publisher/test_results/examples_rclcpp_minimal_publisher/copyright.xunit.xml
No problems found, checked 6 files
-- run_test.py: return code 0
-- run_test.py: verify result file '/home/sln/beginner_tutorials/build/examples_rclcpp_minimal_publisher/test_results/examples_rclcpp_minimal_publisher/copyright.xunit.xml'
<end of output>
Test time =   3.72 sec
----------------------------------------------------------
Test Passed.
"copyright" end time: Nov 15 00:36 EST
"copyright" time elapsed: 00:00:03
----------------------------------------------------------

2/6 Testing: cppcheck
2/6 Test: cppcheck
Command: "/usr/bin/python3.8" "-u" "/home/sln/ros2_humble/install/ament_cmake_test/share/ament_cmake_test/cmake/run_test.py" "/home/sln/beginner_tutorials/build/examples_rclcpp_minimal_publisher/test_results/examples_rclcpp_minimal_publisher/cppcheck.xunit.xml" "--package-name" "examples_rclcpp_minimal_publisher" "--output-file" "/home/sln/beginner_tutorials/build/examples_rclcpp_minimal_publisher/ament_cppcheck/cppcheck.txt" "--command" "/home/sln/ros2_humble/install/ament_cppcheck/bin/ament_cppcheck" "--xunit-file" "/home/sln/beginner_tutorials/build/examples_rclcpp_minimal_publisher/test_results/examples_rclcpp_minimal_publisher/cppcheck.xunit.xml"
Directory: /home/sln/beginner_tutorials/src/examples/rclcpp/topics/minimal_publisher
"cppcheck" start time: Nov 15 00:36 EST
Output:
----------------------------------------------------------
-- run_test.py: invoking following command in '/home/sln/beginner_tutorials/src/examples/rclcpp/topics/minimal_publisher':
 - /home/sln/ros2_humble/install/ament_cppcheck/bin/ament_cppcheck --xunit-file /home/sln/beginner_tutorials/build/examples_rclcpp_minimal_publisher/test_results/examples_rclcpp_minimal_publisher/cppcheck.xunit.xml
No problems found
-- run_test.py: return code 0
-- run_test.py: verify result file '/home/sln/beginner_tutorials/build/examples_rclcpp_minimal_publisher/test_results/examples_rclcpp_minimal_publisher/cppcheck.xunit.xml'
<end of output>
Test time =   3.03 sec
----------------------------------------------------------
Test Passed.
"cppcheck" end time: Nov 15 00:36 EST
"cppcheck" time elapsed: 00:00:03
----------------------------------------------------------

3/6 Testing: cpplint
3/6 Test: cpplint
Command: "/usr/bin/python3.8" "-u" "/home/sln/ros2_humble/install/ament_cmake_test/share/ament_cmake_test/cmake/run_test.py" "/home/sln/beginner_tutorials/build/examples_rclcpp_minimal_publisher/test_results/examples_rclcpp_minimal_publisher/cpplint.xunit.xml" "--package-name" "examples_rclcpp_minimal_publisher" "--output-file" "/home/sln/beginner_tutorials/build/examples_rclcpp_minimal_publisher/ament_cpplint/cpplint.txt" "--command" "/home/sln/ros2_humble/install/ament_cpplint/bin/ament_cpplint" "--xunit-file" "/home/sln/beginner_tutorials/build/examples_rclcpp_minimal_publisher/test_results/examples_rclcpp_minimal_publisher/cpplint.xunit.xml"
Directory: /home/sln/beginner_tutorials/src/examples/rclcpp/topics/minimal_publisher
"cpplint" start time: Nov 15 00:36 EST
Output:
----------------------------------------------------------
-- run_test.py: invoking following command in '/home/sln/beginner_tutorials/src/examples/rclcpp/topics/minimal_publisher':
 - /home/sln/ros2_humble/install/ament_cpplint/bin/ament_cpplint --xunit-file /home/sln/beginner_tutorials/build/examples_rclcpp_minimal_publisher/test_results/examples_rclcpp_minimal_publisher/cpplint.xunit.xml
Using '--root=..' argument

Done processing /home/sln/beginner_tutorials/src/examples/rclcpp/topics/minimal_publisher/lambda.cpp

Done processing /home/sln/beginner_tutorials/src/examples/rclcpp/topics/minimal_publisher/member_function.cpp

Done processing /home/sln/beginner_tutorials/src/examples/rclcpp/topics/minimal_publisher/member_function_with_type_adapter.cpp

Done processing /home/sln/beginner_tutorials/src/examples/rclcpp/topics/minimal_publisher/member_function_with_unique_network_flow_endpoints.cpp

Done processing /home/sln/beginner_tutorials/src/examples/rclcpp/topics/minimal_publisher/member_function_with_wait_for_all_acked.cpp

Done processing /home/sln/beginner_tutorials/src/examples/rclcpp/topics/minimal_publisher/not_composable.cpp

No problems found
-- run_test.py: return code 0
-- run_test.py: verify result file '/home/sln/beginner_tutorials/build/examples_rclcpp_minimal_publisher/test_results/examples_rclcpp_minimal_publisher/cpplint.xunit.xml'
<end of output>
Test time =   3.01 sec
----------------------------------------------------------
Test Passed.
"cpplint" end time: Nov 15 00:37 EST
"cpplint" time elapsed: 00:00:03
----------------------------------------------------------

4/6 Testing: lint_cmake
4/6 Test: lint_cmake
Command: "/usr/bin/python3.8" "-u" "/home/sln/ros2_humble/install/ament_cmake_test/share/ament_cmake_test/cmake/run_test.py" "/home/sln/beginner_tutorials/build/examples_rclcpp_minimal_publisher/test_results/examples_rclcpp_minimal_publisher/lint_cmake.xunit.xml" "--package-name" "examples_rclcpp_minimal_publisher" "--output-file" "/home/sln/beginner_tutorials/build/examples_rclcpp_minimal_publisher/ament_lint_cmake/lint_cmake.txt" "--command" "/home/sln/ros2_humble/install/ament_lint_cmake/bin/ament_lint_cmake" "--xunit-file" "/home/sln/beginner_tutorials/build/examples_rclcpp_minimal_publisher/test_results/examples_rclcpp_minimal_publisher/lint_cmake.xunit.xml"
Directory: /home/sln/beginner_tutorials/src/examples/rclcpp/topics/minimal_publisher
"lint_cmake" start time: Nov 15 00:37 EST
Output:
----------------------------------------------------------
-- run_test.py: invoking following command in '/home/sln/beginner_tutorials/src/examples/rclcpp/topics/minimal_publisher':
 - /home/sln/ros2_humble/install/ament_lint_cmake/bin/ament_lint_cmake --xunit-file /home/sln/beginner_tutorials/build/examples_rclcpp_minimal_publisher/test_results/examples_rclcpp_minimal_publisher/lint_cmake.xunit.xml

No problems found
-- run_test.py: return code 0
-- run_test.py: verify result file '/home/sln/beginner_tutorials/build/examples_rclcpp_minimal_publisher/test_results/examples_rclcpp_minimal_publisher/lint_cmake.xunit.xml'
<end of output>
Test time =   2.76 sec
----------------------------------------------------------
Test Passed.
"lint_cmake" end time: Nov 15 00:37 EST
"lint_cmake" time elapsed: 00:00:02
----------------------------------------------------------

5/6 Testing: uncrustify
5/6 Test: uncrustify
Command: "/usr/bin/python3.8" "-u" "/home/sln/ros2_humble/install/ament_cmake_test/share/ament_cmake_test/cmake/run_test.py" "/home/sln/beginner_tutorials/build/examples_rclcpp_minimal_publisher/test_results/examples_rclcpp_minimal_publisher/uncrustify.xunit.xml" "--package-name" "examples_rclcpp_minimal_publisher" "--output-file" "/home/sln/beginner_tutorials/build/examples_rclcpp_minimal_publisher/ament_uncrustify/uncrustify.txt" "--command" "/home/sln/ros2_humble/install/ament_uncrustify/bin/ament_uncrustify" "--xunit-file" "/home/sln/beginner_tutorials/build/examples_rclcpp_minimal_publisher/test_results/examples_rclcpp_minimal_publisher/uncrustify.xunit.xml"
Directory: /home/sln/beginner_tutorials/src/examples/rclcpp/topics/minimal_publisher
"uncrustify" start time: Nov 15 00:37 EST
Output:
----------------------------------------------------------
-- run_test.py: invoking following command in '/home/sln/beginner_tutorials/src/examples/rclcpp/topics/minimal_publisher':
 - /home/sln/ros2_humble/install/ament_uncrustify/bin/ament_uncrustify --xunit-file /home/sln/beginner_tutorials/build/examples_rclcpp_minimal_publisher/test_results/examples_rclcpp_minimal_publisher/uncrustify.xunit.xml
No code style divergence in file 'lambda.cpp'

No code style divergence in file 'member_function.cpp'

No code style divergence in file 'member_function_with_type_adapter.cpp'

No code style divergence in file 'member_function_with_unique_network_flow_endpoints.cpp'

No code style divergence in file 'member_function_with_wait_for_all_acked.cpp'

No code style divergence in file 'not_composable.cpp'

No problems found
-- run_test.py: return code 0
-- run_test.py: verify result file '/home/sln/beginner_tutorials/build/examples_rclcpp_minimal_publisher/test_results/examples_rclcpp_minimal_publisher/uncrustify.xunit.xml'
<end of output>
Test time =   2.76 sec
----------------------------------------------------------
Test Passed.
"uncrustify" end time: Nov 15 00:37 EST
"uncrustify" time elapsed: 00:00:02
----------------------------------------------------------

6/6 Testing: xmllint
6/6 Test: xmllint
Command: "/usr/bin/python3.8" "-u" "/home/sln/ros2_humble/install/ament_cmake_test/share/ament_cmake_test/cmake/run_test.py" "/home/sln/beginner_tutorials/build/examples_rclcpp_minimal_publisher/test_results/examples_rclcpp_minimal_publisher/xmllint.xunit.xml" "--package-name" "examples_rclcpp_minimal_publisher" "--output-file" "/home/sln/beginner_tutorials/build/examples_rclcpp_minimal_publisher/ament_xmllint/xmllint.txt" "--command" "/home/sln/ros2_humble/install/ament_xmllint/bin/ament_xmllint" "--xunit-file" "/home/sln/beginner_tutorials/build/examples_rclcpp_minimal_publisher/test_results/examples_rclcpp_minimal_publisher/xmllint.xunit.xml"
Directory: /home/sln/beginner_tutorials/src/examples/rclcpp/topics/minimal_publisher
"xmllint" start time: Nov 15 00:37 EST
Output:
----------------------------------------------------------
-- run_test.py: invoking following command in '/home/sln/beginner_tutorials/src/examples/rclcpp/topics/minimal_publisher':
 - /home/sln/ros2_humble/install/ament_xmllint/bin/ament_xmllint --xunit-file /home/sln/beginner_tutorials/build/examples_rclcpp_minimal_publisher/test_results/examples_rclcpp_minimal_publisher/xmllint.xunit.xml
File 'package.xml' is valid

No problems found
-- run_test.py: return code 0
-- run_test.py: verify result file '/home/sln/beginner_tutorials/build/examples_rclcpp_minimal_publisher/test_results/examples_rclcpp_minimal_publisher/xmllint.xunit.xml'
<end of output>
Test time =   2.60 sec
----------------------------------------------------------
Test Passed.
"xmllint" end time: Nov 15 00:37 EST
"xmllint" time elapsed: 00:00:02
----------------------------------------------------------

End testing: Nov 15 00:37 EST

copyright =   3.72 sec*proc

cppcheck =   3.03 sec*proc

cpplint =   3.01 sec*proc

lint_cmake =   2.76 sec*proc

linter =  17.89 sec*proc

uncrustify =   2.76 sec*proc

xmllint =   2.60 sec*proc

