<?xml version="1.0" encoding="utf-8"?><testsuites><testsuite errors="0" failures="0" hostname="sln-Lenovo-Y520-15IKBN" name="pytest" skipped="0" tests="3" time="2.624" timestamp="2022-11-15T00:37:17.149275"><testcase classname="examples_rclpy_minimal_action_server.actions.minimal_action_server.test.test_copyright" name="test_copyright" time="1.681"><system-out>No problems found, checked 9 files
</system-out></testcase><testcase classname="examples_rclpy_minimal_action_server.actions.minimal_action_server.test.test_flake8" name="test_flake8" time="0.559"><system-out>
10 files checked
No problems found

Checked files:

* ./setup.py
* ./examples_rclpy_minimal_action_server/server_queue_goals.py
* ./examples_rclpy_minimal_action_server/server_single_goal.py
* ./examples_rclpy_minimal_action_server/server_not_composable.py
* ./examples_rclpy_minimal_action_server/__init__.py
* ./examples_rclpy_minimal_action_server/server_defer.py
* ./examples_rclpy_minimal_action_server/server.py
* ./test/test_pep257.py
* ./test/test_flake8.py
* ./test/test_copyright.py
</system-out><system-err>Plugin requested optional parameter &quot;builtins&quot; but this is not an available parameter.
Plugin requested optional parameter &quot;builtins&quot; but this is not an available parameter.
Plugin requested optional parameter &quot;builtins&quot; but this is not an available parameter.
Plugin requested optional parameter &quot;builtins&quot; but this is not an available parameter.
Plugin requested optional parameter &quot;builtins&quot; but this is not an available parameter.
Plugin requested optional parameter &quot;builtins&quot; but this is not an available parameter.
Plugin requested optional parameter &quot;builtins&quot; but this is not an available parameter.
Plugin requested optional parameter &quot;builtins&quot; but this is not an available parameter.
Plugin requested optional parameter &quot;builtins&quot; but this is not an available parameter.
Plugin requested optional parameter &quot;builtins&quot; but this is not an available parameter.
</system-err></testcase><testcase classname="examples_rclpy_minimal_action_server.actions.minimal_action_server.test.test_pep257" name="test_pep257" time="0.094"><system-out>checking ./examples_rclpy_minimal_action_server/__init__.py
checking ./examples_rclpy_minimal_action_server/server.py
checking ./examples_rclpy_minimal_action_server/server_defer.py
checking ./examples_rclpy_minimal_action_server/server_not_composable.py
checking ./examples_rclpy_minimal_action_server/server_queue_goals.py
checking ./examples_rclpy_minimal_action_server/server_single_goal.py
checking ./setup.py
checking ./test/test_copyright.py
checking ./test/test_flake8.py
checking ./test/test_pep257.py
No problems found
</system-out></testcase></testsuite></testsuites>