<?xml version="1.0" encoding="utf-8"?><testsuites><testsuite errors="0" failures="0" hostname="sln-Lenovo-Y520-15IKBN" name="pytest" skipped="0" tests="3" time="2.265" timestamp="2022-11-15T00:37:19.409183"><testcase classname="examples_rclpy_minimal_client.services.minimal_client.test.test_copyright" name="test_copyright" time="1.424"><system-out>No problems found, checked 8 files
</system-out></testcase><testcase classname="examples_rclpy_minimal_client.services.minimal_client.test.test_flake8" name="test_flake8" time="0.457"><system-out>
9 files checked
No problems found

Checked files:

* ./setup.py
* ./test/test_pep257.py
* ./test/test_flake8.py
* ./test/test_copyright.py
* ./examples_rclpy_minimal_client/client_async_callback.py
* ./examples_rclpy_minimal_client/__init__.py
* ./examples_rclpy_minimal_client/client_async.py
* ./examples_rclpy_minimal_client/client_async_member_function.py
* ./examples_rclpy_minimal_client/client.py
</system-out><system-err>Plugin requested optional parameter &quot;builtins&quot; but this is not an available parameter.
Plugin requested optional parameter &quot;builtins&quot; but this is not an available parameter.
Plugin requested optional parameter &quot;builtins&quot; but this is not an available parameter.
Plugin requested optional parameter &quot;builtins&quot; but this is not an available parameter.
Plugin requested optional parameter &quot;builtins&quot; but this is not an available parameter.
Plugin requested optional parameter &quot;builtins&quot; but this is not an available parameter.
Plugin requested optional parameter &quot;builtins&quot; but this is not an available parameter.
Plugin requested optional parameter &quot;builtins&quot; but this is not an available parameter.
Plugin requested optional parameter &quot;builtins&quot; but this is not an available parameter.
</system-err></testcase><testcase classname="examples_rclpy_minimal_client.services.minimal_client.test.test_pep257" name="test_pep257" time="0.052"><system-out>checking ./examples_rclpy_minimal_client/__init__.py
checking ./examples_rclpy_minimal_client/client.py
checking ./examples_rclpy_minimal_client/client_async.py
checking ./examples_rclpy_minimal_client/client_async_callback.py
checking ./examples_rclpy_minimal_client/client_async_member_function.py
checking ./setup.py
checking ./test/test_copyright.py
checking ./test/test_flake8.py
checking ./test/test_pep257.py
No problems found
</system-out></testcase></testsuite></testsuites>