Start testing: Nov 14 13:14 EST
----------------------------------------------------------
1/6 Testing: copyright
1/6 Test: copyright
Command: "/usr/bin/python3.8" "-u" "/home/sln/ros2_humble/install/ament_cmake_test/share/ament_cmake_test/cmake/run_test.py" "/home/sln/beginner_tutorials/build/examples_rclcpp_async_client/test_results/examples_rclcpp_async_client/copyright.xunit.xml" "--package-name" "examples_rclcpp_async_client" "--output-file" "/home/sln/beginner_tutorials/build/examples_rclcpp_async_client/ament_copyright/copyright.txt" "--command" "/home/sln/ros2_humble/install/ament_copyright/bin/ament_copyright" "--xunit-file" "/home/sln/beginner_tutorials/build/examples_rclcpp_async_client/test_results/examples_rclcpp_async_client/copyright.xunit.xml"
Directory: /home/sln/beginner_tutorials/src/examples/rclcpp/services/async_client
"copyright" start time: Nov 14 13:14 EST
Output:
----------------------------------------------------------
-- run_test.py: invoking following command in '/home/sln/beginner_tutorials/src/examples/rclcpp/services/async_client':
 - /home/sln/ros2_humble/install/ament_copyright/bin/ament_copyright --xunit-file /home/sln/beginner_tutorials/build/examples_rclcpp_async_client/test_results/examples_rclcpp_async_client/copyright.xunit.xml
No problems found, checked 1 files
-- run_test.py: return code 0
-- run_test.py: verify result file '/home/sln/beginner_tutorials/build/examples_rclcpp_async_client/test_results/examples_rclcpp_async_client/copyright.xunit.xml'
<end of output>
Test time =   2.91 sec
----------------------------------------------------------
Test Passed.
"copyright" end time: Nov 14 13:14 EST
"copyright" time elapsed: 00:00:02
----------------------------------------------------------

2/6 Testing: cppcheck
2/6 Test: cppcheck
Command: "/usr/bin/python3.8" "-u" "/home/sln/ros2_humble/install/ament_cmake_test/share/ament_cmake_test/cmake/run_test.py" "/home/sln/beginner_tutorials/build/examples_rclcpp_async_client/test_results/examples_rclcpp_async_client/cppcheck.xunit.xml" "--package-name" "examples_rclcpp_async_client" "--output-file" "/home/sln/beginner_tutorials/build/examples_rclcpp_async_client/ament_cppcheck/cppcheck.txt" "--command" "/home/sln/ros2_humble/install/ament_cppcheck/bin/ament_cppcheck" "--xunit-file" "/home/sln/beginner_tutorials/build/examples_rclcpp_async_client/test_results/examples_rclcpp_async_client/cppcheck.xunit.xml"
Directory: /home/sln/beginner_tutorials/src/examples/rclcpp/services/async_client
"cppcheck" start time: Nov 14 13:14 EST
Output:
----------------------------------------------------------
-- run_test.py: invoking following command in '/home/sln/beginner_tutorials/src/examples/rclcpp/services/async_client':
 - /home/sln/ros2_humble/install/ament_cppcheck/bin/ament_cppcheck --xunit-file /home/sln/beginner_tutorials/build/examples_rclcpp_async_client/test_results/examples_rclcpp_async_client/cppcheck.xunit.xml
No problems found
-- run_test.py: return code 0
-- run_test.py: verify result file '/home/sln/beginner_tutorials/build/examples_rclcpp_async_client/test_results/examples_rclcpp_async_client/cppcheck.xunit.xml'
<end of output>
Test time =   2.72 sec
----------------------------------------------------------
Test Passed.
"cppcheck" end time: Nov 14 13:14 EST
"cppcheck" time elapsed: 00:00:02
----------------------------------------------------------

3/6 Testing: cpplint
3/6 Test: cpplint
Command: "/usr/bin/python3.8" "-u" "/home/sln/ros2_humble/install/ament_cmake_test/share/ament_cmake_test/cmake/run_test.py" "/home/sln/beginner_tutorials/build/examples_rclcpp_async_client/test_results/examples_rclcpp_async_client/cpplint.xunit.xml" "--package-name" "examples_rclcpp_async_client" "--output-file" "/home/sln/beginner_tutorials/build/examples_rclcpp_async_client/ament_cpplint/cpplint.txt" "--command" "/home/sln/ros2_humble/install/ament_cpplint/bin/ament_cpplint" "--xunit-file" "/home/sln/beginner_tutorials/build/examples_rclcpp_async_client/test_results/examples_rclcpp_async_client/cpplint.xunit.xml"
Directory: /home/sln/beginner_tutorials/src/examples/rclcpp/services/async_client
"cpplint" start time: Nov 14 13:14 EST
Output:
----------------------------------------------------------
-- run_test.py: invoking following command in '/home/sln/beginner_tutorials/src/examples/rclcpp/services/async_client':
 - /home/sln/ros2_humble/install/ament_cpplint/bin/ament_cpplint --xunit-file /home/sln/beginner_tutorials/build/examples_rclcpp_async_client/test_results/examples_rclcpp_async_client/cpplint.xunit.xml
Using '--root=..' argument

Done processing /home/sln/beginner_tutorials/src/examples/rclcpp/services/async_client/main.cpp

No problems found
-- run_test.py: return code 0
-- run_test.py: verify result file '/home/sln/beginner_tutorials/build/examples_rclcpp_async_client/test_results/examples_rclcpp_async_client/cpplint.xunit.xml'
<end of output>
Test time =   2.78 sec
----------------------------------------------------------
Test Passed.
"cpplint" end time: Nov 14 13:14 EST
"cpplint" time elapsed: 00:00:02
----------------------------------------------------------

4/6 Testing: lint_cmake
4/6 Test: lint_cmake
Command: "/usr/bin/python3.8" "-u" "/home/sln/ros2_humble/install/ament_cmake_test/share/ament_cmake_test/cmake/run_test.py" "/home/sln/beginner_tutorials/build/examples_rclcpp_async_client/test_results/examples_rclcpp_async_client/lint_cmake.xunit.xml" "--package-name" "examples_rclcpp_async_client" "--output-file" "/home/sln/beginner_tutorials/build/examples_rclcpp_async_client/ament_lint_cmake/lint_cmake.txt" "--command" "/home/sln/ros2_humble/install/ament_lint_cmake/bin/ament_lint_cmake" "--xunit-file" "/home/sln/beginner_tutorials/build/examples_rclcpp_async_client/test_results/examples_rclcpp_async_client/lint_cmake.xunit.xml"
Directory: /home/sln/beginner_tutorials/src/examples/rclcpp/services/async_client
"lint_cmake" start time: Nov 14 13:14 EST
Output:
----------------------------------------------------------
-- run_test.py: invoking following command in '/home/sln/beginner_tutorials/src/examples/rclcpp/services/async_client':
 - /home/sln/ros2_humble/install/ament_lint_cmake/bin/ament_lint_cmake --xunit-file /home/sln/beginner_tutorials/build/examples_rclcpp_async_client/test_results/examples_rclcpp_async_client/lint_cmake.xunit.xml

No problems found
-- run_test.py: return code 0
-- run_test.py: verify result file '/home/sln/beginner_tutorials/build/examples_rclcpp_async_client/test_results/examples_rclcpp_async_client/lint_cmake.xunit.xml'
<end of output>
Test time =   2.63 sec
----------------------------------------------------------
Test Passed.
"lint_cmake" end time: Nov 14 13:14 EST
"lint_cmake" time elapsed: 00:00:02
----------------------------------------------------------

5/6 Testing: uncrustify
5/6 Test: uncrustify
Command: "/usr/bin/python3.8" "-u" "/home/sln/ros2_humble/install/ament_cmake_test/share/ament_cmake_test/cmake/run_test.py" "/home/sln/beginner_tutorials/build/examples_rclcpp_async_client/test_results/examples_rclcpp_async_client/uncrustify.xunit.xml" "--package-name" "examples_rclcpp_async_client" "--output-file" "/home/sln/beginner_tutorials/build/examples_rclcpp_async_client/ament_uncrustify/uncrustify.txt" "--command" "/home/sln/ros2_humble/install/ament_uncrustify/bin/ament_uncrustify" "--xunit-file" "/home/sln/beginner_tutorials/build/examples_rclcpp_async_client/test_results/examples_rclcpp_async_client/uncrustify.xunit.xml"
Directory: /home/sln/beginner_tutorials/src/examples/rclcpp/services/async_client
"uncrustify" start time: Nov 14 13:14 EST
Output:
----------------------------------------------------------
-- run_test.py: invoking following command in '/home/sln/beginner_tutorials/src/examples/rclcpp/services/async_client':
 - /home/sln/ros2_humble/install/ament_uncrustify/bin/ament_uncrustify --xunit-file /home/sln/beginner_tutorials/build/examples_rclcpp_async_client/test_results/examples_rclcpp_async_client/uncrustify.xunit.xml
No code style divergence in file 'main.cpp'

No problems found
-- run_test.py: return code 0
-- run_test.py: verify result file '/home/sln/beginner_tutorials/build/examples_rclcpp_async_client/test_results/examples_rclcpp_async_client/uncrustify.xunit.xml'
<end of output>
Test time =   2.71 sec
----------------------------------------------------------
Test Passed.
"uncrustify" end time: Nov 14 13:14 EST
"uncrustify" time elapsed: 00:00:02
----------------------------------------------------------

6/6 Testing: xmllint
6/6 Test: xmllint
Command: "/usr/bin/python3.8" "-u" "/home/sln/ros2_humble/install/ament_cmake_test/share/ament_cmake_test/cmake/run_test.py" "/home/sln/beginner_tutorials/build/examples_rclcpp_async_client/test_results/examples_rclcpp_async_client/xmllint.xunit.xml" "--package-name" "examples_rclcpp_async_client" "--output-file" "/home/sln/beginner_tutorials/build/examples_rclcpp_async_client/ament_xmllint/xmllint.txt" "--command" "/home/sln/ros2_humble/install/ament_xmllint/bin/ament_xmllint" "--xunit-file" "/home/sln/beginner_tutorials/build/examples_rclcpp_async_client/test_results/examples_rclcpp_async_client/xmllint.xunit.xml"
Directory: /home/sln/beginner_tutorials/src/examples/rclcpp/services/async_client
"xmllint" start time: Nov 14 13:14 EST
Output:
----------------------------------------------------------
-- run_test.py: invoking following command in '/home/sln/beginner_tutorials/src/examples/rclcpp/services/async_client':
 - /home/sln/ros2_humble/install/ament_xmllint/bin/ament_xmllint --xunit-file /home/sln/beginner_tutorials/build/examples_rclcpp_async_client/test_results/examples_rclcpp_async_client/xmllint.xunit.xml
File 'package.xml' is valid

No problems found
-- run_test.py: return code 0
-- run_test.py: verify result file '/home/sln/beginner_tutorials/build/examples_rclcpp_async_client/test_results/examples_rclcpp_async_client/xmllint.xunit.xml'
<end of output>
Test time =   2.66 sec
----------------------------------------------------------
Test Passed.
"xmllint" end time: Nov 14 13:14 EST
"xmllint" time elapsed: 00:00:02
----------------------------------------------------------

End testing: Nov 14 13:14 EST

copyright =   2.91 sec*proc

cppcheck =   2.72 sec*proc

cpplint =   2.78 sec*proc

lint_cmake =   2.63 sec*proc

linter =  16.41 sec*proc

uncrustify =   2.71 sec*proc

xmllint =   2.66 sec*proc

