<?xml version="1.0" encoding="UTF-8"?>
<Site BuildName="(empty)"
	BuildStamp="20221114-1814-Experimental"
	Name="sln-Lenovo-Y520-15IKBN"
	Generator="ctest-3.16.3"
	CompilerName="/usr/bin/c++"
	CompilerVersion="9.4.0"
	OSName="Linux"
	Hostname="sln-Lenovo-Y520-15IKBN"
	OSRelease="5.15.0-52-generic"
	OSVersion="#58~20.04.1-Ubuntu SMP Thu Oct 13 13:09:46 UTC 2022"
	OSPlatform="x86_64"
	Is64Bits="1"
	VendorString="GenuineIntel"
	VendorID="Intel Corporation"
	FamilyID="6"
	ModelID="158"
	ProcessorCacheSize="6144"
	NumberOfLogicalCPU="8"
	NumberOfPhysicalCPU="4"
	TotalVirtualMemory="2047"
	TotalPhysicalMemory="15891"
	LogicalProcessorsPerPhysical="2"
	ProcessorClockFrequency="3542.71"
	>
	<Testing>
		<StartDateTime>Nov 14 13:14 EST</StartDateTime>
		<StartTestTime>1668449666</StartTestTime>
		<TestList>
			<Test>./copyright</Test>
			<Test>./cppcheck</Test>
			<Test>./cpplint</Test>
			<Test>./lint_cmake</Test>
			<Test>./uncrustify</Test>
			<Test>./xmllint</Test>
		</TestList>
		<Test Status="passed">
			<Name>copyright</Name>
			<Path>.</Path>
			<FullName>./copyright</FullName>
			<FullCommandLine>/usr/bin/python3.8 "-u" "/home/sln/ros2_humble/install/ament_cmake_test/share/ament_cmake_test/cmake/run_test.py" "/home/sln/beginner_tutorials/build/examples_rclcpp_wait_set/test_results/examples_rclcpp_wait_set/copyright.xunit.xml" "--package-name" "examples_rclcpp_wait_set" "--output-file" "/home/sln/beginner_tutorials/build/examples_rclcpp_wait_set/ament_copyright/copyright.txt" "--command" "/home/sln/ros2_humble/install/ament_copyright/bin/ament_copyright" "--xunit-file" "/home/sln/beginner_tutorials/build/examples_rclcpp_wait_set/test_results/examples_rclcpp_wait_set/copyright.xunit.xml"</FullCommandLine>
			<Results>
				<NamedMeasurement type="numeric/double" name="Execution Time">
					<Value>4.506</Value>
				</NamedMeasurement>
				<NamedMeasurement type="numeric/double" name="Processors">
					<Value>1</Value>
				</NamedMeasurement>
				<NamedMeasurement type="text/string" name="Completion Status">
					<Value>Completed</Value>
				</NamedMeasurement>
				<NamedMeasurement type="text/string" name="Command Line">
					<Value>/usr/bin/python3.8 "-u" "/home/sln/ros2_humble/install/ament_cmake_test/share/ament_cmake_test/cmake/run_test.py" "/home/sln/beginner_tutorials/build/examples_rclcpp_wait_set/test_results/examples_rclcpp_wait_set/copyright.xunit.xml" "--package-name" "examples_rclcpp_wait_set" "--output-file" "/home/sln/beginner_tutorials/build/examples_rclcpp_wait_set/ament_copyright/copyright.txt" "--command" "/home/sln/ros2_humble/install/ament_copyright/bin/ament_copyright" "--xunit-file" "/home/sln/beginner_tutorials/build/examples_rclcpp_wait_set/test_results/examples_rclcpp_wait_set/copyright.xunit.xml"</Value>
				</NamedMeasurement>
				<Measurement>
					<Value>-- run_test.py: invoking following command in '/home/sln/beginner_tutorials/src/examples/rclcpp/wait_set':
 - /home/sln/ros2_humble/install/ament_copyright/bin/ament_copyright --xunit-file /home/sln/beginner_tutorials/build/examples_rclcpp_wait_set/test_results/examples_rclcpp_wait_set/copyright.xunit.xml
No problems found, checked 15 files
-- run_test.py: return code 0
-- run_test.py: verify result file '/home/sln/beginner_tutorials/build/examples_rclcpp_wait_set/test_results/examples_rclcpp_wait_set/copyright.xunit.xml'
</Value>
				</Measurement>
			</Results>
			<Labels>
				<Label>copyright</Label>
				<Label>linter</Label>
			</Labels>
		</Test>
		<Test Status="passed">
			<Name>cppcheck</Name>
			<Path>.</Path>
			<FullName>./cppcheck</FullName>
			<FullCommandLine>/usr/bin/python3.8 "-u" "/home/sln/ros2_humble/install/ament_cmake_test/share/ament_cmake_test/cmake/run_test.py" "/home/sln/beginner_tutorials/build/examples_rclcpp_wait_set/test_results/examples_rclcpp_wait_set/cppcheck.xunit.xml" "--package-name" "examples_rclcpp_wait_set" "--output-file" "/home/sln/beginner_tutorials/build/examples_rclcpp_wait_set/ament_cppcheck/cppcheck.txt" "--command" "/home/sln/ros2_humble/install/ament_cppcheck/bin/ament_cppcheck" "--xunit-file" "/home/sln/beginner_tutorials/build/examples_rclcpp_wait_set/test_results/examples_rclcpp_wait_set/cppcheck.xunit.xml" "--include_dirs" "/home/sln/beginner_tutorials/src/examples/rclcpp/wait_set/include"</FullCommandLine>
			<Results>
				<NamedMeasurement type="numeric/double" name="Execution Time">
					<Value>2.60137</Value>
				</NamedMeasurement>
				<NamedMeasurement type="numeric/double" name="Processors">
					<Value>1</Value>
				</NamedMeasurement>
				<NamedMeasurement type="text/string" name="Completion Status">
					<Value>Completed</Value>
				</NamedMeasurement>
				<NamedMeasurement type="text/string" name="Command Line">
					<Value>/usr/bin/python3.8 "-u" "/home/sln/ros2_humble/install/ament_cmake_test/share/ament_cmake_test/cmake/run_test.py" "/home/sln/beginner_tutorials/build/examples_rclcpp_wait_set/test_results/examples_rclcpp_wait_set/cppcheck.xunit.xml" "--package-name" "examples_rclcpp_wait_set" "--output-file" "/home/sln/beginner_tutorials/build/examples_rclcpp_wait_set/ament_cppcheck/cppcheck.txt" "--command" "/home/sln/ros2_humble/install/ament_cppcheck/bin/ament_cppcheck" "--xunit-file" "/home/sln/beginner_tutorials/build/examples_rclcpp_wait_set/test_results/examples_rclcpp_wait_set/cppcheck.xunit.xml" "--include_dirs" "/home/sln/beginner_tutorials/src/examples/rclcpp/wait_set/include"</Value>
				</NamedMeasurement>
				<Measurement>
					<Value>-- run_test.py: invoking following command in '/home/sln/beginner_tutorials/src/examples/rclcpp/wait_set':
 - /home/sln/ros2_humble/install/ament_cppcheck/bin/ament_cppcheck --xunit-file /home/sln/beginner_tutorials/build/examples_rclcpp_wait_set/test_results/examples_rclcpp_wait_set/cppcheck.xunit.xml --include_dirs /home/sln/beginner_tutorials/src/examples/rclcpp/wait_set/include
No problems found
-- run_test.py: return code 0
-- run_test.py: verify result file '/home/sln/beginner_tutorials/build/examples_rclcpp_wait_set/test_results/examples_rclcpp_wait_set/cppcheck.xunit.xml'
</Value>
				</Measurement>
			</Results>
			<Labels>
				<Label>cppcheck</Label>
				<Label>linter</Label>
			</Labels>
		</Test>
		<Test Status="passed">
			<Name>cpplint</Name>
			<Path>.</Path>
			<FullName>./cpplint</FullName>
			<FullCommandLine>/usr/bin/python3.8 "-u" "/home/sln/ros2_humble/install/ament_cmake_test/share/ament_cmake_test/cmake/run_test.py" "/home/sln/beginner_tutorials/build/examples_rclcpp_wait_set/test_results/examples_rclcpp_wait_set/cpplint.xunit.xml" "--package-name" "examples_rclcpp_wait_set" "--output-file" "/home/sln/beginner_tutorials/build/examples_rclcpp_wait_set/ament_cpplint/cpplint.txt" "--command" "/home/sln/ros2_humble/install/ament_cpplint/bin/ament_cpplint" "--xunit-file" "/home/sln/beginner_tutorials/build/examples_rclcpp_wait_set/test_results/examples_rclcpp_wait_set/cpplint.xunit.xml"</FullCommandLine>
			<Results>
				<NamedMeasurement type="numeric/double" name="Execution Time">
					<Value>2.95155</Value>
				</NamedMeasurement>
				<NamedMeasurement type="numeric/double" name="Processors">
					<Value>1</Value>
				</NamedMeasurement>
				<NamedMeasurement type="text/string" name="Completion Status">
					<Value>Completed</Value>
				</NamedMeasurement>
				<NamedMeasurement type="text/string" name="Command Line">
					<Value>/usr/bin/python3.8 "-u" "/home/sln/ros2_humble/install/ament_cmake_test/share/ament_cmake_test/cmake/run_test.py" "/home/sln/beginner_tutorials/build/examples_rclcpp_wait_set/test_results/examples_rclcpp_wait_set/cpplint.xunit.xml" "--package-name" "examples_rclcpp_wait_set" "--output-file" "/home/sln/beginner_tutorials/build/examples_rclcpp_wait_set/ament_cpplint/cpplint.txt" "--command" "/home/sln/ros2_humble/install/ament_cpplint/bin/ament_cpplint" "--xunit-file" "/home/sln/beginner_tutorials/build/examples_rclcpp_wait_set/test_results/examples_rclcpp_wait_set/cpplint.xunit.xml"</Value>
				</NamedMeasurement>
				<Measurement>
					<Value>-- run_test.py: invoking following command in '/home/sln/beginner_tutorials/src/examples/rclcpp/wait_set':
 - /home/sln/ros2_humble/install/ament_cpplint/bin/ament_cpplint --xunit-file /home/sln/beginner_tutorials/build/examples_rclcpp_wait_set/test_results/examples_rclcpp_wait_set/cpplint.xunit.xml
Using '--root=/home/sln/beginner_tutorials/src/examples/rclcpp/wait_set/include' argument

Done processing /home/sln/beginner_tutorials/src/examples/rclcpp/wait_set/include/wait_set/listener.hpp

Done processing /home/sln/beginner_tutorials/src/examples/rclcpp/wait_set/include/wait_set/random_listener.hpp

Done processing /home/sln/beginner_tutorials/src/examples/rclcpp/wait_set/include/wait_set/random_talker.hpp

Done processing /home/sln/beginner_tutorials/src/examples/rclcpp/wait_set/include/wait_set/talker.hpp

Done processing /home/sln/beginner_tutorials/src/examples/rclcpp/wait_set/include/wait_set/visibility.h

Using '--root=/home/sln/beginner_tutorials/src/examples/rclcpp/wait_set/src' argument

Done processing /home/sln/beginner_tutorials/src/examples/rclcpp/wait_set/src/executor_random_order.cpp

Done processing /home/sln/beginner_tutorials/src/examples/rclcpp/wait_set/src/listener.cpp

Done processing /home/sln/beginner_tutorials/src/examples/rclcpp/wait_set/src/static_wait_set.cpp

Done processing /home/sln/beginner_tutorials/src/examples/rclcpp/wait_set/src/talker.cpp

Done processing /home/sln/beginner_tutorials/src/examples/rclcpp/wait_set/src/thread_safe_wait_set.cpp

Done processing /home/sln/beginner_tutorials/src/examples/rclcpp/wait_set/src/wait_set.cpp

Done processing /home/sln/beginner_tutorials/src/examples/rclcpp/wait_set/src/wait_set_composed.cpp

Done processing /home/sln/beginner_tutorials/src/examples/rclcpp/wait_set/src/wait_set_random_order.cpp

Done processing /home/sln/beginner_tutorials/src/examples/rclcpp/wait_set/src/wait_set_topics_and_timer.cpp

Done processing /home/sln/beginner_tutorials/src/examples/rclcpp/wait_set/src/wait_set_topics_with_different_rates.cpp

No problems found
-- run_test.py: return code 0
-- run_test.py: verify result file '/home/sln/beginner_tutorials/build/examples_rclcpp_wait_set/test_results/examples_rclcpp_wait_set/cpplint.xunit.xml'
</Value>
				</Measurement>
			</Results>
			<Labels>
				<Label>cpplint</Label>
				<Label>linter</Label>
			</Labels>
		</Test>
		<Test Status="passed">
			<Name>lint_cmake</Name>
			<Path>.</Path>
			<FullName>./lint_cmake</FullName>
			<FullCommandLine>/usr/bin/python3.8 "-u" "/home/sln/ros2_humble/install/ament_cmake_test/share/ament_cmake_test/cmake/run_test.py" "/home/sln/beginner_tutorials/build/examples_rclcpp_wait_set/test_results/examples_rclcpp_wait_set/lint_cmake.xunit.xml" "--package-name" "examples_rclcpp_wait_set" "--output-file" "/home/sln/beginner_tutorials/build/examples_rclcpp_wait_set/ament_lint_cmake/lint_cmake.txt" "--command" "/home/sln/ros2_humble/install/ament_lint_cmake/bin/ament_lint_cmake" "--xunit-file" "/home/sln/beginner_tutorials/build/examples_rclcpp_wait_set/test_results/examples_rclcpp_wait_set/lint_cmake.xunit.xml"</FullCommandLine>
			<Results>
				<NamedMeasurement type="numeric/double" name="Execution Time">
					<Value>2.62008</Value>
				</NamedMeasurement>
				<NamedMeasurement type="numeric/double" name="Processors">
					<Value>1</Value>
				</NamedMeasurement>
				<NamedMeasurement type="text/string" name="Completion Status">
					<Value>Completed</Value>
				</NamedMeasurement>
				<NamedMeasurement type="text/string" name="Command Line">
					<Value>/usr/bin/python3.8 "-u" "/home/sln/ros2_humble/install/ament_cmake_test/share/ament_cmake_test/cmake/run_test.py" "/home/sln/beginner_tutorials/build/examples_rclcpp_wait_set/test_results/examples_rclcpp_wait_set/lint_cmake.xunit.xml" "--package-name" "examples_rclcpp_wait_set" "--output-file" "/home/sln/beginner_tutorials/build/examples_rclcpp_wait_set/ament_lint_cmake/lint_cmake.txt" "--command" "/home/sln/ros2_humble/install/ament_lint_cmake/bin/ament_lint_cmake" "--xunit-file" "/home/sln/beginner_tutorials/build/examples_rclcpp_wait_set/test_results/examples_rclcpp_wait_set/lint_cmake.xunit.xml"</Value>
				</NamedMeasurement>
				<Measurement>
					<Value>-- run_test.py: invoking following command in '/home/sln/beginner_tutorials/src/examples/rclcpp/wait_set':
 - /home/sln/ros2_humble/install/ament_lint_cmake/bin/ament_lint_cmake --xunit-file /home/sln/beginner_tutorials/build/examples_rclcpp_wait_set/test_results/examples_rclcpp_wait_set/lint_cmake.xunit.xml

No problems found
-- run_test.py: return code 0
-- run_test.py: verify result file '/home/sln/beginner_tutorials/build/examples_rclcpp_wait_set/test_results/examples_rclcpp_wait_set/lint_cmake.xunit.xml'
</Value>
				</Measurement>
			</Results>
			<Labels>
				<Label>lint_cmake</Label>
				<Label>linter</Label>
			</Labels>
		</Test>
		<Test Status="passed">
			<Name>uncrustify</Name>
			<Path>.</Path>
			<FullName>./uncrustify</FullName>
			<FullCommandLine>/usr/bin/python3.8 "-u" "/home/sln/ros2_humble/install/ament_cmake_test/share/ament_cmake_test/cmake/run_test.py" "/home/sln/beginner_tutorials/build/examples_rclcpp_wait_set/test_results/examples_rclcpp_wait_set/uncrustify.xunit.xml" "--package-name" "examples_rclcpp_wait_set" "--output-file" "/home/sln/beginner_tutorials/build/examples_rclcpp_wait_set/ament_uncrustify/uncrustify.txt" "--command" "/home/sln/ros2_humble/install/ament_uncrustify/bin/ament_uncrustify" "--xunit-file" "/home/sln/beginner_tutorials/build/examples_rclcpp_wait_set/test_results/examples_rclcpp_wait_set/uncrustify.xunit.xml"</FullCommandLine>
			<Results>
				<NamedMeasurement type="numeric/double" name="Execution Time">
					<Value>2.65195</Value>
				</NamedMeasurement>
				<NamedMeasurement type="numeric/double" name="Processors">
					<Value>1</Value>
				</NamedMeasurement>
				<NamedMeasurement type="text/string" name="Completion Status">
					<Value>Completed</Value>
				</NamedMeasurement>
				<NamedMeasurement type="text/string" name="Command Line">
					<Value>/usr/bin/python3.8 "-u" "/home/sln/ros2_humble/install/ament_cmake_test/share/ament_cmake_test/cmake/run_test.py" "/home/sln/beginner_tutorials/build/examples_rclcpp_wait_set/test_results/examples_rclcpp_wait_set/uncrustify.xunit.xml" "--package-name" "examples_rclcpp_wait_set" "--output-file" "/home/sln/beginner_tutorials/build/examples_rclcpp_wait_set/ament_uncrustify/uncrustify.txt" "--command" "/home/sln/ros2_humble/install/ament_uncrustify/bin/ament_uncrustify" "--xunit-file" "/home/sln/beginner_tutorials/build/examples_rclcpp_wait_set/test_results/examples_rclcpp_wait_set/uncrustify.xunit.xml"</Value>
				</NamedMeasurement>
				<Measurement>
					<Value>-- run_test.py: invoking following command in '/home/sln/beginner_tutorials/src/examples/rclcpp/wait_set':
 - /home/sln/ros2_humble/install/ament_uncrustify/bin/ament_uncrustify --xunit-file /home/sln/beginner_tutorials/build/examples_rclcpp_wait_set/test_results/examples_rclcpp_wait_set/uncrustify.xunit.xml
No code style divergence in file 'include/wait_set/listener.hpp'

No code style divergence in file 'include/wait_set/random_listener.hpp'

No code style divergence in file 'include/wait_set/random_talker.hpp'

No code style divergence in file 'include/wait_set/talker.hpp'

No code style divergence in file 'include/wait_set/visibility.h'

No code style divergence in file 'src/executor_random_order.cpp'

No code style divergence in file 'src/listener.cpp'

No code style divergence in file 'src/static_wait_set.cpp'

No code style divergence in file 'src/talker.cpp'

No code style divergence in file 'src/thread_safe_wait_set.cpp'

No code style divergence in file 'src/wait_set.cpp'

No code style divergence in file 'src/wait_set_composed.cpp'

No code style divergence in file 'src/wait_set_random_order.cpp'

No code style divergence in file 'src/wait_set_topics_and_timer.cpp'

No code style divergence in file 'src/wait_set_topics_with_different_rates.cpp'

No problems found
-- run_test.py: return code 0
-- run_test.py: verify result file '/home/sln/beginner_tutorials/build/examples_rclcpp_wait_set/test_results/examples_rclcpp_wait_set/uncrustify.xunit.xml'
</Value>
				</Measurement>
			</Results>
			<Labels>
				<Label>linter</Label>
				<Label>uncrustify</Label>
			</Labels>
		</Test>
		<Test Status="passed">
			<Name>xmllint</Name>
			<Path>.</Path>
			<FullName>./xmllint</FullName>
			<FullCommandLine>/usr/bin/python3.8 "-u" "/home/sln/ros2_humble/install/ament_cmake_test/share/ament_cmake_test/cmake/run_test.py" "/home/sln/beginner_tutorials/build/examples_rclcpp_wait_set/test_results/examples_rclcpp_wait_set/xmllint.xunit.xml" "--package-name" "examples_rclcpp_wait_set" "--output-file" "/home/sln/beginner_tutorials/build/examples_rclcpp_wait_set/ament_xmllint/xmllint.txt" "--command" "/home/sln/ros2_humble/install/ament_xmllint/bin/ament_xmllint" "--xunit-file" "/home/sln/beginner_tutorials/build/examples_rclcpp_wait_set/test_results/examples_rclcpp_wait_set/xmllint.xunit.xml"</FullCommandLine>
			<Results>
				<NamedMeasurement type="numeric/double" name="Execution Time">
					<Value>1.71843</Value>
				</NamedMeasurement>
				<NamedMeasurement type="numeric/double" name="Processors">
					<Value>1</Value>
				</NamedMeasurement>
				<NamedMeasurement type="text/string" name="Completion Status">
					<Value>Completed</Value>
				</NamedMeasurement>
				<NamedMeasurement type="text/string" name="Command Line">
					<Value>/usr/bin/python3.8 "-u" "/home/sln/ros2_humble/install/ament_cmake_test/share/ament_cmake_test/cmake/run_test.py" "/home/sln/beginner_tutorials/build/examples_rclcpp_wait_set/test_results/examples_rclcpp_wait_set/xmllint.xunit.xml" "--package-name" "examples_rclcpp_wait_set" "--output-file" "/home/sln/beginner_tutorials/build/examples_rclcpp_wait_set/ament_xmllint/xmllint.txt" "--command" "/home/sln/ros2_humble/install/ament_xmllint/bin/ament_xmllint" "--xunit-file" "/home/sln/beginner_tutorials/build/examples_rclcpp_wait_set/test_results/examples_rclcpp_wait_set/xmllint.xunit.xml"</Value>
				</NamedMeasurement>
				<Measurement>
					<Value>-- run_test.py: invoking following command in '/home/sln/beginner_tutorials/src/examples/rclcpp/wait_set':
 - /home/sln/ros2_humble/install/ament_xmllint/bin/ament_xmllint --xunit-file /home/sln/beginner_tutorials/build/examples_rclcpp_wait_set/test_results/examples_rclcpp_wait_set/xmllint.xunit.xml
File 'package.xml' is valid

No problems found
-- run_test.py: return code 0
-- run_test.py: verify result file '/home/sln/beginner_tutorials/build/examples_rclcpp_wait_set/test_results/examples_rclcpp_wait_set/xmllint.xunit.xml'
</Value>
				</Measurement>
			</Results>
			<Labels>
				<Label>linter</Label>
				<Label>xmllint</Label>
			</Labels>
		</Test>
		<EndDateTime>Nov 14 13:14 EST</EndDateTime>
		<EndTestTime>1668449683</EndTestTime>
		<ElapsedMinutes>0</ElapsedMinutes>
	</Testing>
</Site>
