Start testing: Nov 15 00:37 EST
----------------------------------------------------------
1/6 Testing: copyright
1/6 Test: copyright
Command: "/usr/bin/python3.8" "-u" "/home/sln/ros2_humble/install/ament_cmake_test/share/ament_cmake_test/cmake/run_test.py" "/home/sln/beginner_tutorials/build/examples_rclcpp_minimal_subscriber/test_results/examples_rclcpp_minimal_subscriber/copyright.xunit.xml" "--package-name" "examples_rclcpp_minimal_subscriber" "--output-file" "/home/sln/beginner_tutorials/build/examples_rclcpp_minimal_subscriber/ament_copyright/copyright.txt" "--command" "/home/sln/ros2_humble/install/ament_copyright/bin/ament_copyright" "--xunit-file" "/home/sln/beginner_tutorials/build/examples_rclcpp_minimal_subscriber/test_results/examples_rclcpp_minimal_subscriber/copyright.xunit.xml"
Directory: /home/sln/beginner_tutorials/src/examples/rclcpp/topics/minimal_subscriber
"copyright" start time: Nov 15 00:37 EST
Output:
----------------------------------------------------------
-- run_test.py: invoking following command in '/home/sln/beginner_tutorials/src/examples/rclcpp/topics/minimal_subscriber':
 - /home/sln/ros2_humble/install/ament_copyright/bin/ament_copyright --xunit-file /home/sln/beginner_tutorials/build/examples_rclcpp_minimal_subscriber/test_results/examples_rclcpp_minimal_subscriber/copyright.xunit.xml
No problems found, checked 10 files
-- run_test.py: return code 0
-- run_test.py: verify result file '/home/sln/beginner_tutorials/build/examples_rclcpp_minimal_subscriber/test_results/examples_rclcpp_minimal_subscriber/copyright.xunit.xml'
<end of output>
Test time =   3.49 sec
----------------------------------------------------------
Test Passed.
"copyright" end time: Nov 15 00:37 EST
"copyright" time elapsed: 00:00:03
----------------------------------------------------------

2/6 Testing: cppcheck
2/6 Test: cppcheck
Command: "/usr/bin/python3.8" "-u" "/home/sln/ros2_humble/install/ament_cmake_test/share/ament_cmake_test/cmake/run_test.py" "/home/sln/beginner_tutorials/build/examples_rclcpp_minimal_subscriber/test_results/examples_rclcpp_minimal_subscriber/cppcheck.xunit.xml" "--package-name" "examples_rclcpp_minimal_subscriber" "--output-file" "/home/sln/beginner_tutorials/build/examples_rclcpp_minimal_subscriber/ament_cppcheck/cppcheck.txt" "--command" "/home/sln/ros2_humble/install/ament_cppcheck/bin/ament_cppcheck" "--xunit-file" "/home/sln/beginner_tutorials/build/examples_rclcpp_minimal_subscriber/test_results/examples_rclcpp_minimal_subscriber/cppcheck.xunit.xml"
Directory: /home/sln/beginner_tutorials/src/examples/rclcpp/topics/minimal_subscriber
"cppcheck" start time: Nov 15 00:37 EST
Output:
----------------------------------------------------------
-- run_test.py: invoking following command in '/home/sln/beginner_tutorials/src/examples/rclcpp/topics/minimal_subscriber':
 - /home/sln/ros2_humble/install/ament_cppcheck/bin/ament_cppcheck --xunit-file /home/sln/beginner_tutorials/build/examples_rclcpp_minimal_subscriber/test_results/examples_rclcpp_minimal_subscriber/cppcheck.xunit.xml
No problems found
-- run_test.py: return code 0
-- run_test.py: verify result file '/home/sln/beginner_tutorials/build/examples_rclcpp_minimal_subscriber/test_results/examples_rclcpp_minimal_subscriber/cppcheck.xunit.xml'
<end of output>
Test time =   2.59 sec
----------------------------------------------------------
Test Passed.
"cppcheck" end time: Nov 15 00:37 EST
"cppcheck" time elapsed: 00:00:02
----------------------------------------------------------

3/6 Testing: cpplint
3/6 Test: cpplint
Command: "/usr/bin/python3.8" "-u" "/home/sln/ros2_humble/install/ament_cmake_test/share/ament_cmake_test/cmake/run_test.py" "/home/sln/beginner_tutorials/build/examples_rclcpp_minimal_subscriber/test_results/examples_rclcpp_minimal_subscriber/cpplint.xunit.xml" "--package-name" "examples_rclcpp_minimal_subscriber" "--output-file" "/home/sln/beginner_tutorials/build/examples_rclcpp_minimal_subscriber/ament_cpplint/cpplint.txt" "--command" "/home/sln/ros2_humble/install/ament_cpplint/bin/ament_cpplint" "--xunit-file" "/home/sln/beginner_tutorials/build/examples_rclcpp_minimal_subscriber/test_results/examples_rclcpp_minimal_subscriber/cpplint.xunit.xml"
Directory: /home/sln/beginner_tutorials/src/examples/rclcpp/topics/minimal_subscriber
"cpplint" start time: Nov 15 00:37 EST
Output:
----------------------------------------------------------
-- run_test.py: invoking following command in '/home/sln/beginner_tutorials/src/examples/rclcpp/topics/minimal_subscriber':
 - /home/sln/ros2_humble/install/ament_cpplint/bin/ament_cpplint --xunit-file /home/sln/beginner_tutorials/build/examples_rclcpp_minimal_subscriber/test_results/examples_rclcpp_minimal_subscriber/cpplint.xunit.xml
Using '--root=..' argument

Done processing /home/sln/beginner_tutorials/src/examples/rclcpp/topics/minimal_subscriber/content_filtering.cpp

Done processing /home/sln/beginner_tutorials/src/examples/rclcpp/topics/minimal_subscriber/lambda.cpp

Done processing /home/sln/beginner_tutorials/src/examples/rclcpp/topics/minimal_subscriber/member_function.cpp

Done processing /home/sln/beginner_tutorials/src/examples/rclcpp/topics/minimal_subscriber/member_function_with_topic_statistics.cpp

Done processing /home/sln/beginner_tutorials/src/examples/rclcpp/topics/minimal_subscriber/member_function_with_type_adapter.cpp

Done processing /home/sln/beginner_tutorials/src/examples/rclcpp/topics/minimal_subscriber/member_function_with_unique_network_flow_endpoints.cpp

Done processing /home/sln/beginner_tutorials/src/examples/rclcpp/topics/minimal_subscriber/not_composable.cpp

Done processing /home/sln/beginner_tutorials/src/examples/rclcpp/topics/minimal_subscriber/static_wait_set_subscriber.cpp

Done processing /home/sln/beginner_tutorials/src/examples/rclcpp/topics/minimal_subscriber/time_triggered_wait_set_subscriber.cpp

Done processing /home/sln/beginner_tutorials/src/examples/rclcpp/topics/minimal_subscriber/wait_set_subscriber.cpp

No problems found
-- run_test.py: return code 0
-- run_test.py: verify result file '/home/sln/beginner_tutorials/build/examples_rclcpp_minimal_subscriber/test_results/examples_rclcpp_minimal_subscriber/cpplint.xunit.xml'
<end of output>
Test time =   2.85 sec
----------------------------------------------------------
Test Passed.
"cpplint" end time: Nov 15 00:37 EST
"cpplint" time elapsed: 00:00:02
----------------------------------------------------------

4/6 Testing: lint_cmake
4/6 Test: lint_cmake
Command: "/usr/bin/python3.8" "-u" "/home/sln/ros2_humble/install/ament_cmake_test/share/ament_cmake_test/cmake/run_test.py" "/home/sln/beginner_tutorials/build/examples_rclcpp_minimal_subscriber/test_results/examples_rclcpp_minimal_subscriber/lint_cmake.xunit.xml" "--package-name" "examples_rclcpp_minimal_subscriber" "--output-file" "/home/sln/beginner_tutorials/build/examples_rclcpp_minimal_subscriber/ament_lint_cmake/lint_cmake.txt" "--command" "/home/sln/ros2_humble/install/ament_lint_cmake/bin/ament_lint_cmake" "--xunit-file" "/home/sln/beginner_tutorials/build/examples_rclcpp_minimal_subscriber/test_results/examples_rclcpp_minimal_subscriber/lint_cmake.xunit.xml"
Directory: /home/sln/beginner_tutorials/src/examples/rclcpp/topics/minimal_subscriber
"lint_cmake" start time: Nov 15 00:37 EST
Output:
----------------------------------------------------------
-- run_test.py: invoking following command in '/home/sln/beginner_tutorials/src/examples/rclcpp/topics/minimal_subscriber':
 - /home/sln/ros2_humble/install/ament_lint_cmake/bin/ament_lint_cmake --xunit-file /home/sln/beginner_tutorials/build/examples_rclcpp_minimal_subscriber/test_results/examples_rclcpp_minimal_subscriber/lint_cmake.xunit.xml

No problems found
-- run_test.py: return code 0
-- run_test.py: verify result file '/home/sln/beginner_tutorials/build/examples_rclcpp_minimal_subscriber/test_results/examples_rclcpp_minimal_subscriber/lint_cmake.xunit.xml'
<end of output>
Test time =   2.67 sec
----------------------------------------------------------
Test Passed.
"lint_cmake" end time: Nov 15 00:37 EST
"lint_cmake" time elapsed: 00:00:02
----------------------------------------------------------

5/6 Testing: uncrustify
5/6 Test: uncrustify
Command: "/usr/bin/python3.8" "-u" "/home/sln/ros2_humble/install/ament_cmake_test/share/ament_cmake_test/cmake/run_test.py" "/home/sln/beginner_tutorials/build/examples_rclcpp_minimal_subscriber/test_results/examples_rclcpp_minimal_subscriber/uncrustify.xunit.xml" "--package-name" "examples_rclcpp_minimal_subscriber" "--output-file" "/home/sln/beginner_tutorials/build/examples_rclcpp_minimal_subscriber/ament_uncrustify/uncrustify.txt" "--command" "/home/sln/ros2_humble/install/ament_uncrustify/bin/ament_uncrustify" "--xunit-file" "/home/sln/beginner_tutorials/build/examples_rclcpp_minimal_subscriber/test_results/examples_rclcpp_minimal_subscriber/uncrustify.xunit.xml"
Directory: /home/sln/beginner_tutorials/src/examples/rclcpp/topics/minimal_subscriber
"uncrustify" start time: Nov 15 00:37 EST
Output:
----------------------------------------------------------
-- run_test.py: invoking following command in '/home/sln/beginner_tutorials/src/examples/rclcpp/topics/minimal_subscriber':
 - /home/sln/ros2_humble/install/ament_uncrustify/bin/ament_uncrustify --xunit-file /home/sln/beginner_tutorials/build/examples_rclcpp_minimal_subscriber/test_results/examples_rclcpp_minimal_subscriber/uncrustify.xunit.xml
No code style divergence in file 'content_filtering.cpp'

No code style divergence in file 'lambda.cpp'

No code style divergence in file 'member_function.cpp'

No code style divergence in file 'member_function_with_topic_statistics.cpp'

No code style divergence in file 'member_function_with_type_adapter.cpp'

No code style divergence in file 'member_function_with_unique_network_flow_endpoints.cpp'

No code style divergence in file 'not_composable.cpp'

No code style divergence in file 'static_wait_set_subscriber.cpp'

No code style divergence in file 'time_triggered_wait_set_subscriber.cpp'

No code style divergence in file 'wait_set_subscriber.cpp'

No problems found
-- run_test.py: return code 0
-- run_test.py: verify result file '/home/sln/beginner_tutorials/build/examples_rclcpp_minimal_subscriber/test_results/examples_rclcpp_minimal_subscriber/uncrustify.xunit.xml'
<end of output>
Test time =   2.72 sec
----------------------------------------------------------
Test Passed.
"uncrustify" end time: Nov 15 00:37 EST
"uncrustify" time elapsed: 00:00:02
----------------------------------------------------------

6/6 Testing: xmllint
6/6 Test: xmllint
Command: "/usr/bin/python3.8" "-u" "/home/sln/ros2_humble/install/ament_cmake_test/share/ament_cmake_test/cmake/run_test.py" "/home/sln/beginner_tutorials/build/examples_rclcpp_minimal_subscriber/test_results/examples_rclcpp_minimal_subscriber/xmllint.xunit.xml" "--package-name" "examples_rclcpp_minimal_subscriber" "--output-file" "/home/sln/beginner_tutorials/build/examples_rclcpp_minimal_subscriber/ament_xmllint/xmllint.txt" "--command" "/home/sln/ros2_humble/install/ament_xmllint/bin/ament_xmllint" "--xunit-file" "/home/sln/beginner_tutorials/build/examples_rclcpp_minimal_subscriber/test_results/examples_rclcpp_minimal_subscriber/xmllint.xunit.xml"
Directory: /home/sln/beginner_tutorials/src/examples/rclcpp/topics/minimal_subscriber
"xmllint" start time: Nov 15 00:37 EST
Output:
----------------------------------------------------------
-- run_test.py: invoking following command in '/home/sln/beginner_tutorials/src/examples/rclcpp/topics/minimal_subscriber':
 - /home/sln/ros2_humble/install/ament_xmllint/bin/ament_xmllint --xunit-file /home/sln/beginner_tutorials/build/examples_rclcpp_minimal_subscriber/test_results/examples_rclcpp_minimal_subscriber/xmllint.xunit.xml
File 'package.xml' is valid

No problems found
-- run_test.py: return code 0
-- run_test.py: verify result file '/home/sln/beginner_tutorials/build/examples_rclcpp_minimal_subscriber/test_results/examples_rclcpp_minimal_subscriber/xmllint.xunit.xml'
<end of output>
Test time =   2.75 sec
----------------------------------------------------------
Test Passed.
"xmllint" end time: Nov 15 00:37 EST
"xmllint" time elapsed: 00:00:02
----------------------------------------------------------

End testing: Nov 15 00:37 EST

copyright =   3.49 sec*proc

cppcheck =   2.59 sec*proc

cpplint =   2.85 sec*proc

lint_cmake =   2.67 sec*proc

linter =  17.08 sec*proc

uncrustify =   2.72 sec*proc

xmllint =   2.75 sec*proc

