<?xml version="1.0" encoding="utf-8"?><testsuites><testsuite errors="0" failures="0" hostname="sln-Lenovo-Y520-15IKBN" name="pytest" skipped="0" tests="9" time="17.099" timestamp="2022-11-15T00:37:26.747420"><testcase classname="launch_testing_examples.launch_testing_examples.check_msgs_launch_test" file="launch_testing_examples/check_msgs_launch_test.py" line="0" name="launch_testing_examples.check_msgs_launch_test" time="2.221"><system-out>[INFO] [launch]: All log files can be found below /home/sln/.ros/log/2022-11-15-00-37-27-126158-sln-Lenovo-Y520-15IKBN-81718
[INFO] [launch]: Default logging verbosity is set to INFO
[INFO] [talker-1]: process started with pid [81746]
[talker-1] [INFO] [1668490648.213513852] [demo_node_1]: Publishing: &apos;Hello World: 1&apos;
Topic received messages !
[talker-1] [INFO] [1668490649.213870047] [demo_node_1]: Publishing: &apos;Hello World: 2&apos;
[INFO] [talker-1]: sending signal &apos;SIGINT&apos; to process[talker-1]
[talker-1] [INFO] [1668490649.228889870] [rclcpp]: signal_handler(signum=2)
[INFO] [talker-1]: process has finished cleanly [pid 81746]
</system-out><system-err>test_check_if_msgs_published (launch_testing_examples.check_msgs_launch_test.TestFixture) ... ok

----------------------------------------------------------------------
Ran 1 test in 2.047s

OK

----------------------------------------------------------------------
Ran 0 tests in 0.000s

OK
</system-err></testcase><testcase classname="launch_testing_examples.launch_testing_examples.check_multiple_nodes_launch_test" file="launch_testing_examples/check_multiple_nodes_launch_test.py" line="0" name="launch_testing_examples.check_multiple_nodes_launch_test" time="3.977"><system-out>[INFO] [launch]: All log files can be found below /home/sln/.ros/log/2022-11-15-00-37-27-126158-sln-Lenovo-Y520-15IKBN-81718
[INFO] [launch]: Default logging verbosity is set to INFO
Waiting for nodes
[INFO] [talker-2]: process started with pid [81771]
[INFO] [talker-3]: process started with pid [81781]
[INFO] [talker-4]: process started with pid [81783]
[talker-2] [INFO] [1668490650.561818704] [demo_node_0]: Publishing: &apos;Hello World: 1&apos;
[talker-4] [INFO] [1668490650.572222430] [demo_node_2]: Publishing: &apos;Hello World: 1&apos;
[talker-3] [INFO] [1668490650.573201887] [demo_node_1]: Publishing: &apos;Hello World: 1&apos;
Waiting for nodes
[talker-2] [INFO] [1668490651.561879434] [demo_node_0]: Publishing: &apos;Hello World: 2&apos;
[talker-4] [INFO] [1668490651.572164814] [demo_node_2]: Publishing: &apos;Hello World: 2&apos;
[talker-3] [INFO] [1668490651.573163623] [demo_node_1]: Publishing: &apos;Hello World: 2&apos;
Waiting for nodes
[talker-2] [INFO] [1668490652.561583017] [demo_node_0]: Publishing: &apos;Hello World: 3&apos;
[talker-4] [INFO] [1668490652.572148499] [demo_node_2]: Publishing: &apos;Hello World: 3&apos;
[talker-3] [INFO] [1668490652.573112704] [demo_node_1]: Publishing: &apos;Hello World: 3&apos;
Waiting for nodes
All nodes were found !
[INFO] [talker-4]: sending signal &apos;SIGINT&apos; to process[talker-4]
[INFO] [talker-3]: sending signal &apos;SIGINT&apos; to process[talker-3]
[INFO] [talker-2]: sending signal &apos;SIGINT&apos; to process[talker-2]
[talker-4] [INFO] [1668490653.211010300] [rclcpp]: signal_handler(signum=2)
[talker-3] [INFO] [1668490653.211514304] [rclcpp]: signal_handler(signum=2)
[talker-2] [INFO] [1668490653.212206258] [rclcpp]: signal_handler(signum=2)
[INFO] [talker-4]: process has finished cleanly [pid 81783]
[INFO] [talker-3]: process has finished cleanly [pid 81781]
[INFO] [talker-2]: process has finished cleanly [pid 81771]
</system-out><system-err>test_node_does_not_exist (launch_testing_examples.check_multiple_nodes_launch_test.CheckMultipleNodesLaunched)
Insert a invalid node name that should not exist. ... ok
test_nodes_successful (launch_testing_examples.check_multiple_nodes_launch_test.CheckMultipleNodesLaunched)
Check if all the nodes were launched correctly. ... ok

----------------------------------------------------------------------
Ran 2 tests in 3.682s

OK

----------------------------------------------------------------------
Ran 0 tests in 0.000s

OK
</system-err></testcase><testcase classname="launch_testing_examples.launch_testing_examples.check_node_launch_test" file="launch_testing_examples/check_node_launch_test.py" line="0" name="launch_testing_examples.check_node_launch_test" time="5.428"><system-out>[INFO] [launch]: All log files can be found below /home/sln/.ros/log/2022-11-15-00-37-27-126158-sln-Lenovo-Y520-15IKBN-81718
[INFO] [launch]: Default logging verbosity is set to INFO
Waiting for node...
[INFO] [talker-5]: process started with pid [81851]
[INFO] [talker-5]: sending signal &apos;SIGINT&apos; to process[talker-5]
[talker-5] [INFO] [1668490658.640528225] [rclcpp]: signal_handler(signum=2)
[INFO] [talker-5]: process has finished cleanly [pid 81851]
</system-out><system-err>test_node_start (launch_testing_examples.check_node_launch_test.TestFixture) ... ok

----------------------------------------------------------------------
Ran 1 test in 5.234s

OK

----------------------------------------------------------------------
Ran 0 tests in 0.000s

OK
</system-err></testcase><testcase classname="launch_testing_examples.launch_testing_examples.hello_world_launch_test" file="launch_testing_examples/hello_world_launch_test.py" line="0" name="launch_testing_examples.hello_world_launch_test" time="0.022"><system-out>[INFO] [launch]: All log files can be found below /home/sln/.ros/log/2022-11-15-00-37-27-126158-sln-Lenovo-Y520-15IKBN-81718
[INFO] [launch]: Default logging verbosity is set to INFO
[INFO] [echo-6]: process started with pid [81864]
[INFO] [echo-6]: process has finished cleanly [pid 81864]
</system-out><system-err>test_read_stdout (launch_testing_examples.hello_world_launch_test.TestHelloWorldProcess)
Check if &apos;hello_world&apos; was found in the stdout. ... ok

----------------------------------------------------------------------
Ran 1 test in 0.003s

OK
test_exit_codes (launch_testing_examples.hello_world_launch_test.TestHelloWorldShutdown)
Check if the processes exited normally. ... ok

----------------------------------------------------------------------
Ran 1 test in 0.000s

OK
</system-err></testcase><testcase classname="launch_testing_examples.launch_testing_examples.record_rosbag_launch_test" file="launch_testing_examples/record_rosbag_launch_test.py" line="0" name="launch_testing_examples.record_rosbag_launch_test" time="3.348"><system-out>[INFO] [launch]: All log files can be found below /home/sln/.ros/log/2022-11-15-00-37-27-126158-sln-Lenovo-Y520-15IKBN-81718
[INFO] [launch]: Default logging verbosity is set to INFO
[INFO] [talker-7]: process started with pid [81867]
[INFO] [ros2-8]: process started with pid [81869]
[ros2-8] stdin is not a terminal device. Keyboard handling disabled.[INFO] [1668490659.862328018] [rosbag2_recorder]: Press SPACE for pausing/resuming
[ros2-8] [INFO] [1668490659.864144387] [rosbag2_storage]: Opened database &apos;/tmp/tmp94klcf4x/test_bag/test_bag_0.db3&apos; for READ_WRITE.
[ros2-8] [INFO] [1668490659.864325483] [rosbag2_recorder]: Event publisher thread: Starting
[ros2-8] [INFO] [1668490659.865058951] [rosbag2_recorder]: Listening for topics...
[talker-7] [INFO] [1668490659.866253535] [demo_node]: Publishing: &apos;Hello World: 1&apos;
[ros2-8] [INFO] [1668490659.869855796] [rosbag2_recorder]: Subscribed to topic &apos;/rosout&apos;
[ros2-8] [INFO] [1668490659.871343788] [rosbag2_recorder]: Subscribed to topic &apos;/events/write_split&apos;
[ros2-8] [INFO] [1668490659.984904912] [rosbag2_recorder]: Subscribed to topic &apos;/chatter&apos;
[ros2-8] [INFO] [1668490659.986548816] [rosbag2_recorder]: Subscribed to topic &apos;/parameter_events&apos;
[talker-7] [INFO] [1668490660.866723772] [demo_node]: Publishing: &apos;Hello World: 2&apos;
[INFO] [ros2-8]: sending signal &apos;SIGINT&apos; to process[ros2-8]
[INFO] [talker-7]: sending signal &apos;SIGINT&apos; to process[talker-7]
[ros2-8] [INFO] [1668490661.846937905] [rclcpp]: signal_handler(signum=2)
[talker-7] [INFO] [1668490661.848567695] [rclcpp]: signal_handler(signum=2)
[ros2-8] [INFO] [1668490661.946615493] [rosbag2_recorder]: Event publisher thread: Exiting
[ros2-8] [INFO] [1668490661.947077508] [rosbag2_cpp]: Writing remaining messages from cache to the bag. It may take a while
[INFO] [talker-7]: process has finished cleanly [pid 81867]
[INFO] [ros2-8]: process has finished cleanly [pid 81869]
The following topics received messages:
/parameter_events recieved  0  messages
/chatter recieved  1  messages
/events/write_split recieved  0  messages
/rosout recieved  9  messages
Deleting  /tmp/tmp94klcf4x/test_bag
</system-out><system-err>test_delay (launch_testing_examples.record_rosbag_launch_test.DelayShutdown)
Delay the shutdown of processes so that rosbag can record some messages. ... ok

----------------------------------------------------------------------
Ran 1 test in 3.006s

OK
test_rosbag_record (launch_testing_examples.record_rosbag_launch_test.TestFixtureAfterShutdown)
Check if the rosbag2 recording was successful. ... ok

----------------------------------------------------------------------
Ran 1 test in 0.023s

OK
</system-err></testcase><testcase classname="launch_testing_examples.launch_testing_examples.set_param_launch_test" file="launch_testing_examples/set_param_launch_test.py" line="0" name="launch_testing_examples.set_param_launch_test" time="0.446"><system-out>[INFO] [launch]: All log files can be found below /home/sln/.ros/log/2022-11-15-00-37-27-126158-sln-Lenovo-Y520-15IKBN-81718
[INFO] [launch]: Default logging verbosity is set to INFO
[INFO] [parameter_blackboard-9]: process started with pid [81895]
[parameter_blackboard-9] [INFO] [1668490662.229868046] [demo_node_1]: Parameter blackboard node named &apos;/demo_node_1&apos; ready, and serving &apos;5&apos; parameters already!
[INFO] [parameter_blackboard-9]: sending signal &apos;SIGINT&apos; to process[parameter_blackboard-9]
[parameter_blackboard-9] [INFO] [1668490662.461960977] [rclcpp]: signal_handler(signum=2)
[INFO] [parameter_blackboard-9]: process has finished cleanly [pid 81895]
</system-out><system-err>test_set_parameter (launch_testing_examples.set_param_launch_test.TestFixture) ... ok

----------------------------------------------------------------------
Ran 1 test in 0.261s

OK

----------------------------------------------------------------------
Ran 0 tests in 0.000s

OK
</system-err></testcase><testcase classname="launch_testing_examples.test.test_copyright" file="test/test_copyright.py" line="18" name="test_copyright" time="0.973"><system-out>No problems found, checked 10 files
</system-out></testcase><testcase classname="launch_testing_examples.test.test_flake8" file="test/test_flake8.py" line="18" name="test_flake8" time="0.248"><system-out>
11 files checked
No problems found

Checked files:

* ./setup.py
* ./test/test_pep257.py
* ./test/test_flake8.py
* ./test/test_copyright.py
* ./launch_testing_examples/hello_world_launch_test.py
* ./launch_testing_examples/check_msgs_launch_test.py
* ./launch_testing_examples/record_rosbag_launch_test.py
* ./launch_testing_examples/check_multiple_nodes_launch_test.py
* ./launch_testing_examples/__init__.py
* ./launch_testing_examples/check_node_launch_test.py
* ./launch_testing_examples/set_param_launch_test.py
</system-out><system-err>Plugin requested optional parameter &quot;builtins&quot; but this is not an available parameter.
Plugin requested optional parameter &quot;builtins&quot; but this is not an available parameter.
Plugin requested optional parameter &quot;builtins&quot; but this is not an available parameter.
Plugin requested optional parameter &quot;builtins&quot; but this is not an available parameter.
Plugin requested optional parameter &quot;builtins&quot; but this is not an available parameter.
Plugin requested optional parameter &quot;builtins&quot; but this is not an available parameter.
Plugin requested optional parameter &quot;builtins&quot; but this is not an available parameter.
Plugin requested optional parameter &quot;builtins&quot; but this is not an available parameter.
Plugin requested optional parameter &quot;builtins&quot; but this is not an available parameter.
Plugin requested optional parameter &quot;builtins&quot; but this is not an available parameter.
Plugin requested optional parameter &quot;builtins&quot; but this is not an available parameter.
</system-err></testcase><testcase classname="launch_testing_examples.test.test_pep257" file="test/test_pep257.py" line="18" name="test_pep257" time="0.035"><system-out>checking ./launch_testing_examples/__init__.py
checking ./launch_testing_examples/check_msgs_launch_test.py
checking ./launch_testing_examples/check_multiple_nodes_launch_test.py
checking ./launch_testing_examples/check_node_launch_test.py
checking ./launch_testing_examples/hello_world_launch_test.py
checking ./launch_testing_examples/record_rosbag_launch_test.py
checking ./launch_testing_examples/set_param_launch_test.py
checking ./setup.py
checking ./test/test_copyright.py
checking ./test/test_flake8.py
checking ./test/test_pep257.py
checking test/test_copyright.py
checking test/test_flake8.py
checking test/test_pep257.py
No problems found
</system-out></testcase></testsuite></testsuites>